<?xml version="1.0" encoding="UTF-8"?>
<!-- Generated by org.testng.reporters.JUnitReportReporter -->
<testsuite skipped="2" hostname="LAPTOP-13LQO7QE" name="stepdefinitionpackage.MyTestNGRunner" tests="6" failures="0" timestamp="2020-01-24T19:13:37 IST" time="1.215" errors="0">
  <testcase name="runScenario" time="1.092" classname="stepdefinitionpackage.MyTestNGRunner"/>
  <testcase name="runScenario" time="0.012" classname="stepdefinitionpackage.MyTestNGRunner">
    <skipped/>
  </testcase> <!-- runScenario -->
  <testcase name="runScenario" time="0.047" classname="stepdefinitionpackage.MyTestNGRunner">
    <skipped/>
  </testcase> <!-- runScenario -->
  <testcase name="runScenario" time="0.032" classname="stepdefinitionpackage.MyTestNGRunner"/>
  <testcase name="runScenario" time="0.016" classname="stepdefinitionpackage.MyTestNGRunner"/>
  <testcase name="runScenario" time="0.016" classname="stepdefinitionpackage.MyTestNGRunner"/>
</testsuite> <!-- stepdefinitionpackage.MyTestNGRunner -->
